next: MAX
S at 0 / 0
-----------
| | | | | |
-----------
| | | | | |
-----------
| | | | | |
-----------
| | | | | |
-----------
|S| | | | |
-----------

next: MIN
S at 0 / 1
-----------
| | | | | |
-----------
| | | | | |
-----------
| | | | | |
-----------
|S| | | | |
-----------
|S| | | | |
-----------

next: MAX
S at 0 / 2
-----------
| | | | | |
-----------
| | | | | |
-----------
|S| | | | |
-----------
|S| | | | |
-----------
|S| | | | |
-----------

next: MIN
S at 0 / 3
-----------
| | | | | |
-----------
|S| | | | |
-----------
|S| | | | |
-----------
|S| | | | |
-----------
|S| | | | |
-----------

next: MAX
S at 0 / 4
-----------
|S| | | | |
-----------
|S| | | | |
-----------
|S| | | | |
-----------
|S| | | | |
-----------
|S| | | | |
-----------

next: MIN
S at 1 / 0
-----------
|S| | | | |
-----------
|S| | | | |
-----------
|S| | | | |
-----------
|S| | | | |
-----------
|S|S| | | |
-----------

next: MAX
S at 1 / 1
-----------
|S| | | | |
-----------
|S| | | | |
-----------
|S| | | | |
-----------
|S|S| | | |
-----------
|S|S| | | |
-----------

next: MIN
S at 1 / 2
-----------
|S| | | | |
-----------
|S| | | | |
-----------
|S|S| | | |
-----------
|S|S| | | |
-----------
|S|S| | | |
-----------

next: MAX
S at 1 / 3
-----------
|S| | | | |
-----------
|S|S| | | |
-----------
|S|S| | | |
-----------
|S|S| | | |
-----------
|S|S| | | |
-----------

next: MIN
S at 1 / 4
-----------
|S|S| | | |
-----------
|S|S| | | |
-----------
|S|S| | | |
-----------
|S|S| | | |
-----------
|S|S| | | |
-----------

next: MAX
S at 2 / 0
-----------
|S|S| | | |
-----------
|S|S| | | |
-----------
|S|S| | | |
-----------
|S|S| | | |
-----------
|S|S|S| | |
-----------

next: MIN
S at 2 / 1
-----------
|S|S| | | |
-----------
|S|S| | | |
-----------
|S|S| | | |
-----------
|S|S|S| | |
-----------
|S|S|S| | |
-----------

next: MAX
S at 2 / 2
-----------
|S|S| | | |
-----------
|S|S| | | |
-----------
|S|S|S| | |
-----------
|S|S|S| | |
-----------
|S|S|S| | |
-----------

next: MIN
S at 2 / 3
-----------
|S|S| | | |
-----------
|S|S|S| | |
-----------
|S|S|S| | |
-----------
|S|S|S| | |
-----------
|S|S|S| | |
-----------

next: MAX
S at 2 / 4
-----------
|S|S|S| | |
-----------
|S|S|S| | |
-----------
|S|S|S| | |
-----------
|S|S|S| | |
-----------
|S|S|S| | |
-----------

next: MIN
S at 3 / 0
-----------
|S|S|S| | |
-----------
|S|S|S| | |
-----------
|S|S|S| | |
-----------
|S|S|S| | |
-----------
|S|S|S|S| |
-----------

next: MAX
S at 3 / 1
-----------
|S|S|S| | |
-----------
|S|S|S| | |
-----------
|S|S|S| | |
-----------
|S|S|S|S| |
-----------
|S|S|S|S| |
-----------

next: MIN
S at 3 / 2
-----------
|S|S|S| | |
-----------
|S|S|S| | |
-----------
|S|S|S|S| |
-----------
|S|S|S|S| |
-----------
|S|S|S|S| |
-----------

next: MAX
S at 3 / 3
-----------
|S|S|S| | |
-----------
|S|S|S|S| |
-----------
|S|S|S|S| |
-----------
|S|S|S|S| |
-----------
|S|S|S|S| |
-----------

next: MIN
S at 3 / 4
-----------
|S|S|S|S| |
-----------
|S|S|S|S| |
-----------
|S|S|S|S| |
-----------
|S|S|S|S| |
-----------
|S|S|S|S| |
-----------

next: MAX
S at 4 / 0
-----------
|S|S|S|S| |
-----------
|S|S|S|S| |
-----------
|S|S|S|S| |
-----------
|S|S|S|S| |
-----------
|S|S|S|S|S|
-----------

next: MIN
S at 4 / 1
-----------
|S|S|S|S| |
-----------
|S|S|S|S| |
-----------
|S|S|S|S| |
-----------
|S|S|S|S|S|
-----------
|S|S|S|S|S|
-----------

next: MAX
S at 4 / 2
-----------
|S|S|S|S| |
-----------
|S|S|S|S| |
-----------
|S|S|S|S|S|
-----------
|S|S|S|S|S|
-----------
|S|S|S|S|S|
-----------

next: MIN
S at 4 / 3
-----------
|S|S|S|S| |
-----------
|S|S|S|S|S|
-----------
|S|S|S|S|S|
-----------
|S|S|S|S|S|
-----------
|S|S|S|S|S|
-----------

next: MAX
S at 4 / 4
-----------
|S|S|S|S|S|
-----------
|S|S|S|S|S|
-----------
|S|S|S|S|S|
-----------
|S|S|S|S|S|
-----------
|S|S|S|S|S|
-----------

AAAAnd the winner is:
NOBODY!
Both opponents have 0 points!
Deterministic games are booring...
